<?xml version="1.0" encoding="UTF-8"?>
<!-- Generated by org.testng.reporters.JUnitXMLReporter -->
<testsuite ignored="6" hostname="LTIN679125" failures="0" tests="13" name="Test" time="146.116" errors="0" timestamp="2025-11-06T15:18:49 IST">
  <testcase classname="com.cognizant.QEA25QE028.Selenium.TestNG.ProjectNew.JustDialHome" name="testSearchBarInput" time="12.765"/>
  <testcase classname="com.cognizant.QEA25QE028.Selenium.TestNG.ProjectNew.JustDialHome" name="verifyCarWashingServices" time="0.033"/>
  <testcase classname="com.cognizant.QEA25QE028.Selenium.TestNG.ProjectNew.CarWashingServices" name="testSortByRatingWithSpecificRating" time="2.4"/>
  <testcase classname="com.cognizant.QEA25QE028.Selenium.TestNG.ProjectNew.CarWashingServices" name="scrolling" time="21.895"/>
  <testcase classname="com.cognizant.QEA25QE028.Selenium.TestNG.ProjectNew.CarWashingServices" name="savingDataInCollections" time="1.836"/>
  <testcase classname="com.cognizant.QEA25QE028.Selenium.TestNG.ProjectNew.CarWashingServices" name="navigateBackToHomepage" time="7.716"/>
  <testcase classname="com.cognizant.QEA25QE028.Selenium.TestNG.ProjectNew.JustDialFreeListingErrorMessage" name="cookieAndRefersh" time="4.208"/>
  <testcase classname="com.cognizant.QEA25QE028.Selenium.TestNG.ProjectNew.JustDialFreeListingErrorMessage" name="sendData" time="1.668"/>
  <testcase classname="com.cognizant.QEA25QE028.Selenium.TestNG.ProjectNew.JustDialFreeListingErrorMessage" name="takeScreenShot" time="0.765"/>
  <testcase classname="com.cognizant.QEA25QE028.Selenium.TestNG.ProjectNew.JustDialFreeListingErrorMessage" name="printErrorMessage" time="0.718"/>
  <testcase classname="com.cognizant.QEA25QE028.Selenium.TestNG.ProjectNew.JustDialFreeListingErrorMessage" name="navigateToHomePage" time="16.977"/>
  <testcase classname="com.cognizant.QEA25QE028.Selenium.TestNG.ProjectNew.Gyms" name="scrollToViewAndLoadElements" time="52.593"/>
  <testcase classname="com.cognizant.QEA25QE028.Selenium.TestNG.ProjectNew.Gyms" name="savingDataInCollections" time="7.184"/>
  <testcase classname="com.cognizant.QEA25QE028.Selenium.TestNG.ProjectNew.DriverSetUp" name="@BeforeSuite suiteSetup" time="0.0">
    <ignored/>
  </testcase> <!-- @BeforeSuite suiteSetup -->
  <testcase classname="com.cognizant.QEA25QE028.Selenium.TestNG.ProjectNew.DriverSetUp" name="@BeforeSuite suiteSetup" time="0.0">
    <ignored/>
  </testcase> <!-- @BeforeSuite suiteSetup -->
  <testcase classname="com.cognizant.QEA25QE028.Selenium.TestNG.ProjectNew.DriverSetUp" name="@AfterSuite closeDriver" time="0.0">
    <ignored/>
  </testcase> <!-- @AfterSuite closeDriver -->
  <testcase classname="com.cognizant.QEA25QE028.Selenium.TestNG.ProjectNew.DriverSetUp" name="@AfterSuite closeDriver" time="0.0">
    <ignored/>
  </testcase> <!-- @AfterSuite closeDriver -->
  <testcase classname="com.cognizant.QEA25QE028.Selenium.TestNG.ProjectNew.DriverSetUp" name="@BeforeSuite suiteSetup" time="0.0">
    <ignored/>
  </testcase> <!-- @BeforeSuite suiteSetup -->
  <testcase classname="com.cognizant.QEA25QE028.Selenium.TestNG.ProjectNew.DriverSetUp" name="@AfterSuite closeDriver" time="0.0">
    <ignored/>
  </testcase> <!-- @AfterSuite closeDriver -->
</testsuite> <!-- Test -->
