<?xml version="1.0" encoding="UTF-8"?>
<!-- Generated by org.testng.reporters.JUnitXMLReporter -->
<testsuite ignored="6" hostname="LTIN679125" failures="0" tests="13" name="Test" time="131.23" errors="0" timestamp="2025-11-07T22:09:41 IST">
  <testcase classname="com.cognizant.QEA25QE028.Selenium.TestNG.ProjectNew.JustDialHome" name="testSearchBarInput" time="13.294"/>
  <testcase classname="com.cognizant.QEA25QE028.Selenium.TestNG.ProjectNew.JustDialHome" name="verifyCarWashingServices" time="0.033"/>
  <testcase classname="com.cognizant.QEA25QE028.Selenium.TestNG.ProjectNew.CarWashingServices" name="testSortByRatingWithSpecificRating" time="3.241"/>
  <testcase classname="com.cognizant.QEA25QE028.Selenium.TestNG.ProjectNew.CarWashingServices" name="scrolling" time="14.568"/>
  <testcase classname="com.cognizant.QEA25QE028.Selenium.TestNG.ProjectNew.CarWashingServices" name="savingDataInCollections" time="1.76"/>
  <testcase classname="com.cognizant.QEA25QE028.Selenium.TestNG.ProjectNew.CarWashingServices" name="navigateBackToHomepage" time="8.038"/>
  <testcase classname="com.cognizant.QEA25QE028.Selenium.TestNG.ProjectNew.JustDialFreeListingErrorMessage" name="cookieAndRefersh" time="2.646"/>
  <testcase classname="com.cognizant.QEA25QE028.Selenium.TestNG.ProjectNew.JustDialFreeListingErrorMessage" name="sendData" time="1.442"/>
  <testcase classname="com.cognizant.QEA25QE028.Selenium.TestNG.ProjectNew.JustDialFreeListingErrorMessage" name="takeScreenShot" time="0.667"/>
  <testcase classname="com.cognizant.QEA25QE028.Selenium.TestNG.ProjectNew.JustDialFreeListingErrorMessage" name="printErrorMessage" time="0.601"/>
  <testcase classname="com.cognizant.QEA25QE028.Selenium.TestNG.ProjectNew.JustDialFreeListingErrorMessage" name="navigateToHomePage" time="9.92"/>
  <testcase classname="com.cognizant.QEA25QE028.Selenium.TestNG.ProjectNew.Gyms" name="scrollToViewAndLoadElements" time="50.929"/>
  <testcase classname="com.cognizant.QEA25QE028.Selenium.TestNG.ProjectNew.Gyms" name="savingDataInCollections" time="9.75"/>
  <testcase classname="com.cognizant.QEA25QE028.Selenium.TestNG.ProjectNew.DriverSetUp" name="@BeforeSuite suiteSetup" time="0.0">
    <ignored/>
  </testcase> <!-- @BeforeSuite suiteSetup -->
  <testcase classname="com.cognizant.QEA25QE028.Selenium.TestNG.ProjectNew.DriverSetUp" name="@BeforeSuite suiteSetup" time="0.0">
    <ignored/>
  </testcase> <!-- @BeforeSuite suiteSetup -->
  <testcase classname="com.cognizant.QEA25QE028.Selenium.TestNG.ProjectNew.DriverSetUp" name="@BeforeSuite suiteSetup" time="0.0">
    <ignored/>
  </testcase> <!-- @BeforeSuite suiteSetup -->
  <testcase classname="com.cognizant.QEA25QE028.Selenium.TestNG.ProjectNew.DriverSetUp" name="@AfterSuite closeDriver" time="0.0">
    <ignored/>
  </testcase> <!-- @AfterSuite closeDriver -->
  <testcase classname="com.cognizant.QEA25QE028.Selenium.TestNG.ProjectNew.DriverSetUp" name="@AfterSuite closeDriver" time="0.0">
    <ignored/>
  </testcase> <!-- @AfterSuite closeDriver -->
  <testcase classname="com.cognizant.QEA25QE028.Selenium.TestNG.ProjectNew.DriverSetUp" name="@AfterSuite closeDriver" time="0.0">
    <ignored/>
  </testcase> <!-- @AfterSuite closeDriver -->
</testsuite> <!-- Test -->
