<?xml version="1.0" encoding="UTF-8"?>
<testsuite xmlns:xsi="http://www.w3.org/2001/XMLSchema-instance" xsi:noNamespaceSchemaLocation="https://maven.apache.org/surefire/maven-surefire-plugin/xsd/surefire-test-report.xsd" version="3.0.1" name="TestSuite" time="162.353" tests="13" errors="0" skipped="0" failures="0">
  <properties>
[...]
</properties>
  <testcase name="testSearchBarInput" classname="com.cognizant.QEA25QE028.Selenium.TestNG.ProjectNew.JustDialHome" time="13.32">
    <system-out><![CDATA[--- Starting Test Suite Setup ---
Report file path generated: C:\Users\2440837\eclipse-workspace\HackathonProject\test-output\projectResourcesOutputs\TestReport_20251107_220729.html
]]></system-out>
    <system-err><![CDATA[SLF4J(W): No SLF4J providers were found.
SLF4J(W): Defaulting to no-operation (NOP) logger implementation
SLF4J(W): See https://www.slf4j.org/codes.html#noProviders for further details.
Nov 07, 2025 10:07:21 PM org.openqa.selenium.devtools.CdpVersionFinder findNearestMatch
WARNING: Unable to find an exact match for CDP version 140, returning the closest version; found: 139; Please update to a Selenium version that supports CDP version 140
ERROR StatusLogger Log4j2 could not find a logging implementation. Please add log4j-core to the classpath. Using SimpleLogger to log to the console...
]]></system-err>
  </testcase>
  <testcase name="verifyCarWashingServices" classname="com.cognizant.QEA25QE028.Selenium.TestNG.ProjectNew.JustDialHome" time="0.041">
    <system-out><![CDATA[Current Page Title: Top Car Washing Services near Siddhi Vinayak Nagar Madhapur,Hyderabad - Best Car Washing Centre - Justdial
Verification Successful: Title contains 'Top Car Washing Services near'. Proceeding to next class.
]]></system-out>
  </testcase>
  <testcase name="testSortByRatingWithSpecificRating" classname="com.cognizant.QEA25QE028.Selenium.TestNG.ProjectNew.CarWashingServices" time="3.24">
    <system-out><![CDATA[Top Car Washing Services near Siddhi Vinayak Nagar Madhapur,Hyderabad - Best Car Washing Centre - Justdial
CarWashingServices Page Object initialized.
Sort By Element is Displayed.
---------------------------
Rating Selection Button is Displayed.
---------------------------
]]></system-out>
  </testcase>
  <testcase name="scrolling" classname="com.cognizant.QEA25QE028.Selenium.TestNG.ProjectNew.CarWashingServices" time="14.567">
    <system-out><![CDATA[0
1
2
]]></system-out>
  </testcase>
  <testcase name="savingDataInCollections" classname="com.cognizant.QEA25QE028.Selenium.TestNG.ProjectNew.CarWashingServices" time="1.757">
    <system-out><![CDATA[MyTVS MultiBrand Car Service		08296967446
The Detailing Mafia Madhapur		07411720454
Express Car Service		07490053458
Car Makeover Detailing Studio		09724682654
Ark Tyres And Car Decors		09972277399
10	10
]]></system-out>
  </testcase>
  <testcase name="navigateBackToHomepage" classname="com.cognizant.QEA25QE028.Selenium.TestNG.ProjectNew.CarWashingServices" time="8.035">
    <system-out><![CDATA[Navigating back to JustDial Homepage...
Title after navigating back: Find Businesses Near You on Local Search Engine - Justdial
]]></system-out>
  </testcase>
  <testcase name="cookieAndRefersh" classname="com.cognizant.QEA25QE028.Selenium.TestNG.ProjectNew.JustDialFreeListingErrorMessage" time="2.647">
    <system-out><![CDATA[Find Businesses Near You on Local Search Engine - Justdial
Current Page Title: Free Listing - Just Dial - List In Your Business For Free
Verification Successful: Title contains 'List'. Proceeding to next class.
FreeListing Page Object initialized.
]]></system-out>
  </testcase>
  <testcase name="sendData" classname="com.cognizant.QEA25QE028.Selenium.TestNG.ProjectNew.JustDialFreeListingErrorMessage" time="1.442">
    <system-out><![CDATA[PhoneNumber Element is Enabled
------------------------
StartNow Button Element is Enabled
------------------------
]]></system-out>
  </testcase>
  <testcase name="takeScreenShot" classname="com.cognizant.QEA25QE028.Selenium.TestNG.ProjectNew.JustDialFreeListingErrorMessage" time="0.644">
    <system-out><![CDATA[Screenshot saved successfully to: C:\Users\2440837\eclipse-workspace\HackathonProject\test-output\projectResourcesOutputs\screenshot_20251107_220824.png
]]></system-out>
  </testcase>
  <testcase name="printErrorMessage" classname="com.cognizant.QEA25QE028.Selenium.TestNG.ProjectNew.JustDialFreeListingErrorMessage" time="0.597">
    <system-out><![CDATA[Error Message Element is Displayed
------------------------
The Error Message while giving Invalid Input for Free Listing is : Please Enter a Valid Mobile Number
]]></system-out>
  </testcase>
  <testcase name="navigateToHomePage" classname="com.cognizant.QEA25QE028.Selenium.TestNG.ProjectNew.JustDialFreeListingErrorMessage" time="9.922"/>
  <testcase name="scrollToViewAndLoadElements" classname="com.cognizant.QEA25QE028.Selenium.TestNG.ProjectNew.Gyms" time="50.926">
    <system-out><![CDATA[Find Businesses Near You on Local Search Engine - Justdial
Current Page Title: 
Verification Successful: Title contains ''. Proceeding to next class.
Popular Gyms in Siddhi Vinayak Nagar Madhapur, Hyderabad
0
1
2
3
4
5
6
7
8
9
10
Best Gym in Siddhi Vinayak Nagar Madhapur, Hyderabad - Top Fitness Centers & Clubs near me | Justdial
]]></system-out>
  </testcase>
  <testcase name="savingDataInCollections" classname="com.cognizant.QEA25QE028.Selenium.TestNG.ProjectNew.Gyms" time="9.75">
    <system-out><![CDATA[10		10
Star Fitness Studio		08792071271
Iron Forge Gym		08867792622
Krish's Fitness Pro		08296044098
Vivek Teja's Human Weapon Fitness And Martial Arts		09845459437
6E GYMS		07490833660
D'Shoolin Functional Strength & therapy		08401744248
6	6
]]></system-out>
  </testcase>
</testsuite>