<?xml version="1.0" encoding="UTF-8"?>
<testng-results ignored="0" total="13" passed="13" failed="0" skipped="0">
  <reporter-output>
  </reporter-output>
  <suite started-at="2025-11-07T22:07:29 IST" name="Suite" finished-at="2025-11-07T22:09:40 IST" duration-ms="131230">
    <groups>
    </groups>
    <test started-at="2025-11-07T22:07:29 IST" name="Test" finished-at="2025-11-07T22:09:40 IST" duration-ms="131230">
      <class name="com.cognizant.QEA25QE028.Selenium.TestNG.ProjectNew.JustDialHome">
        <test-method is-config="true" signature="suiteSetup()[pri:0, instance:com.cognizant.QEA25QE028.Selenium.TestNG.ProjectNew.JustDialHome@6069db50]" started-at="2025-11-07T22:07:12 IST" name="suiteSetup" finished-at="2025-11-07T22:07:29 IST" duration-ms="16748" status="PASS">
          <reporter-output>
          </reporter-output>
        </test-method> <!-- suiteSetup -->
        <test-method is-config="true" signature="testLoginCancelOperationAndClosePopUpMessage()[pri:0, instance:com.cognizant.QEA25QE028.Selenium.TestNG.ProjectNew.JustDialHome@6069db50]" started-at="2025-11-07T22:07:30 IST" name="testLoginCancelOperationAndClosePopUpMessage" finished-at="2025-11-07T22:07:35 IST" duration-ms="4759" status="PASS">
          <reporter-output>
          </reporter-output>
        </test-method> <!-- testLoginCancelOperationAndClosePopUpMessage -->
        <test-method signature="testSearchBarInput()[pri:0, instance:com.cognizant.QEA25QE028.Selenium.TestNG.ProjectNew.JustDialHome@6069db50]" started-at="2025-11-07T22:07:35 IST" name="testSearchBarInput" finished-at="2025-11-07T22:07:48 IST" duration-ms="13294" status="PASS">
          <reporter-output>
          </reporter-output>
        </test-method> <!-- testSearchBarInput -->
        <test-method signature="verifyCarWashingServices()[pri:0, instance:com.cognizant.QEA25QE028.Selenium.TestNG.ProjectNew.JustDialHome@6069db50]" started-at="2025-11-07T22:07:48 IST" name="verifyCarWashingServices" finished-at="2025-11-07T22:07:48 IST" depends-on-methods="com.cognizant.QEA25QE028.Selenium.TestNG.ProjectNew.JustDialHome.testSearchBarInput" duration-ms="33" status="PASS">
          <reporter-output>
          </reporter-output>
        </test-method> <!-- verifyCarWashingServices -->
        <test-method is-config="true" signature="closeDriver()[pri:0, instance:com.cognizant.QEA25QE028.Selenium.TestNG.ProjectNew.JustDialHome@6069db50]" started-at="2025-11-07T22:09:41 IST" name="closeDriver" finished-at="2025-11-07T22:09:52 IST" duration-ms="11428" status="PASS">
          <reporter-output>
          </reporter-output>
        </test-method> <!-- closeDriver -->
      </class> <!-- com.cognizant.QEA25QE028.Selenium.TestNG.ProjectNew.JustDialHome -->
      <class name="com.cognizant.QEA25QE028.Selenium.TestNG.ProjectNew.Gyms">
        <test-method is-config="true" signature="verifyGymsTitleClass()[pri:0, instance:com.cognizant.QEA25QE028.Selenium.TestNG.ProjectNew.Gyms@5b8dfcc1]" started-at="2025-11-07T22:08:35 IST" name="verifyGymsTitleClass" finished-at="2025-11-07T22:08:39 IST" duration-ms="4560" status="PASS">
          <reporter-output>
          </reporter-output>
        </test-method> <!-- verifyGymsTitleClass -->
        <test-method signature="scrollToViewAndLoadElements()[pri:0, instance:com.cognizant.QEA25QE028.Selenium.TestNG.ProjectNew.Gyms@5b8dfcc1]" started-at="2025-11-07T22:08:39 IST" name="scrollToViewAndLoadElements" finished-at="2025-11-07T22:09:30 IST" duration-ms="50929" status="PASS">
          <reporter-output>
          </reporter-output>
        </test-method> <!-- scrollToViewAndLoadElements -->
        <test-method signature="savingDataInCollections()[pri:0, instance:com.cognizant.QEA25QE028.Selenium.TestNG.ProjectNew.Gyms@5b8dfcc1]" started-at="2025-11-07T22:09:30 IST" name="savingDataInCollections" finished-at="2025-11-07T22:09:40 IST" depends-on-methods="com.cognizant.QEA25QE028.Selenium.TestNG.ProjectNew.Gyms.scrollToViewAndLoadElements" duration-ms="9750" status="PASS">
          <reporter-output>
          </reporter-output>
        </test-method> <!-- savingDataInCollections -->
      </class> <!-- com.cognizant.QEA25QE028.Selenium.TestNG.ProjectNew.Gyms -->
      <class name="com.cognizant.QEA25QE028.Selenium.TestNG.ProjectNew.JustDialFreeListingErrorMessage">
        <test-method is-config="true" signature="homePageClickingFreeListingIcon()[pri:0, instance:com.cognizant.QEA25QE028.Selenium.TestNG.ProjectNew.JustDialFreeListingErrorMessage@72967906]" started-at="2025-11-07T22:08:16 IST" name="homePageClickingFreeListingIcon" finished-at="2025-11-07T22:08:19 IST" duration-ms="3252" status="PASS">
          <reporter-output>
          </reporter-output>
        </test-method> <!-- homePageClickingFreeListingIcon -->
        <test-method signature="cookieAndRefersh()[pri:0, instance:com.cognizant.QEA25QE028.Selenium.TestNG.ProjectNew.JustDialFreeListingErrorMessage@72967906]" started-at="2025-11-07T22:08:19 IST" name="cookieAndRefersh" finished-at="2025-11-07T22:08:22 IST" duration-ms="2646" status="PASS">
          <reporter-output>
          </reporter-output>
        </test-method> <!-- cookieAndRefersh -->
        <test-method signature="sendData()[pri:0, instance:com.cognizant.QEA25QE028.Selenium.TestNG.ProjectNew.JustDialFreeListingErrorMessage@72967906]" started-at="2025-11-07T22:08:22 IST" name="sendData" finished-at="2025-11-07T22:08:23 IST" depends-on-methods="com.cognizant.QEA25QE028.Selenium.TestNG.ProjectNew.JustDialFreeListingErrorMessage.cookieAndRefersh" duration-ms="1442" status="PASS">
          <reporter-output>
          </reporter-output>
        </test-method> <!-- sendData -->
        <test-method signature="takeScreenShot()[pri:0, instance:com.cognizant.QEA25QE028.Selenium.TestNG.ProjectNew.JustDialFreeListingErrorMessage@72967906]" started-at="2025-11-07T22:08:23 IST" name="takeScreenShot" finished-at="2025-11-07T22:08:24 IST" depends-on-methods="com.cognizant.QEA25QE028.Selenium.TestNG.ProjectNew.JustDialFreeListingErrorMessage.sendData" duration-ms="667" status="PASS">
          <reporter-output>
          </reporter-output>
        </test-method> <!-- takeScreenShot -->
        <test-method signature="printErrorMessage()[pri:0, instance:com.cognizant.QEA25QE028.Selenium.TestNG.ProjectNew.JustDialFreeListingErrorMessage@72967906]" started-at="2025-11-07T22:08:24 IST" name="printErrorMessage" finished-at="2025-11-07T22:08:25 IST" depends-on-methods="com.cognizant.QEA25QE028.Selenium.TestNG.ProjectNew.JustDialFreeListingErrorMessage.takeScreenShot" duration-ms="601" status="PASS">
          <reporter-output>
          </reporter-output>
        </test-method> <!-- printErrorMessage -->
        <test-method signature="navigateToHomePage()[pri:0, instance:com.cognizant.QEA25QE028.Selenium.TestNG.ProjectNew.JustDialFreeListingErrorMessage@72967906]" started-at="2025-11-07T22:08:25 IST" name="navigateToHomePage" finished-at="2025-11-07T22:08:35 IST" depends-on-methods="com.cognizant.QEA25QE028.Selenium.TestNG.ProjectNew.JustDialFreeListingErrorMessage.printErrorMessage" duration-ms="9920" status="PASS">
          <reporter-output>
          </reporter-output>
        </test-method> <!-- navigateToHomePage -->
      </class> <!-- com.cognizant.QEA25QE028.Selenium.TestNG.ProjectNew.JustDialFreeListingErrorMessage -->
      <class name="com.cognizant.QEA25QE028.Selenium.TestNG.ProjectNew.CarWashingServices">
        <test-method is-config="true" signature="setupCarWashingPage()[pri:0, instance:com.cognizant.QEA25QE028.Selenium.TestNG.ProjectNew.CarWashingServices@1a482e36]" started-at="2025-11-07T22:07:48 IST" name="setupCarWashingPage" finished-at="2025-11-07T22:07:48 IST" duration-ms="318" status="PASS">
          <reporter-output>
          </reporter-output>
        </test-method> <!-- setupCarWashingPage -->
        <test-method signature="testSortByRatingWithSpecificRating()[pri:0, instance:com.cognizant.QEA25QE028.Selenium.TestNG.ProjectNew.CarWashingServices@1a482e36]" started-at="2025-11-07T22:07:48 IST" name="testSortByRatingWithSpecificRating" finished-at="2025-11-07T22:07:52 IST" depends-on-methods="testSearchBarInput" duration-ms="3241" status="PASS">
          <reporter-output>
          </reporter-output>
        </test-method> <!-- testSortByRatingWithSpecificRating -->
        <test-method signature="scrolling()[pri:0, instance:com.cognizant.QEA25QE028.Selenium.TestNG.ProjectNew.CarWashingServices@1a482e36]" started-at="2025-11-07T22:07:52 IST" name="scrolling" finished-at="2025-11-07T22:08:06 IST" depends-on-methods="com.cognizant.QEA25QE028.Selenium.TestNG.ProjectNew.CarWashingServices.testSortByRatingWithSpecificRating" duration-ms="14568" status="PASS">
          <reporter-output>
          </reporter-output>
        </test-method> <!-- scrolling -->
        <test-method signature="savingDataInCollections()[pri:0, instance:com.cognizant.QEA25QE028.Selenium.TestNG.ProjectNew.CarWashingServices@1a482e36]" started-at="2025-11-07T22:08:06 IST" name="savingDataInCollections" finished-at="2025-11-07T22:08:08 IST" depends-on-methods="com.cognizant.QEA25QE028.Selenium.TestNG.ProjectNew.CarWashingServices.scrolling" duration-ms="1760" status="PASS">
          <reporter-output>
          </reporter-output>
        </test-method> <!-- savingDataInCollections -->
        <test-method signature="navigateBackToHomepage()[pri:0, instance:com.cognizant.QEA25QE028.Selenium.TestNG.ProjectNew.CarWashingServices@1a482e36]" started-at="2025-11-07T22:08:08 IST" name="navigateBackToHomepage" finished-at="2025-11-07T22:08:16 IST" depends-on-methods="com.cognizant.QEA25QE028.Selenium.TestNG.ProjectNew.CarWashingServices.savingDataInCollections" duration-ms="8038" status="PASS">
          <reporter-output>
          </reporter-output>
        </test-method> <!-- navigateBackToHomepage -->
      </class> <!-- com.cognizant.QEA25QE028.Selenium.TestNG.ProjectNew.CarWashingServices -->
    </test> <!-- Test -->
  </suite> <!-- Suite -->
</testng-results>
