<?xml version="1.0" encoding="UTF-8"?>
<!-- Generated by org.testng.reporters.JUnitReportReporter -->
<testsuite hostname="LTIN679125" failures="0" tests="2" name="com.cognizant.QEA25QE028.Selenium.TestNG.ProjectNew.Gyms" time="59.777" errors="0" timestamp="2025-11-06T15:18:58 IST" skipped="0">
  <testcase classname="com.cognizant.QEA25QE028.Selenium.TestNG.ProjectNew.Gyms" name="savingDataInCollections" time="7.184"/>
  <testcase classname="com.cognizant.QEA25QE028.Selenium.TestNG.ProjectNew.Gyms" name="scrollToViewAndLoadElements" time="52.593"/>
</testsuite> <!-- com.cognizant.QEA25QE028.Selenium.TestNG.ProjectNew.Gyms -->
