<?xml version="1.0" encoding="UTF-8"?>
<!-- Generated by org.testng.reporters.JUnitReportReporter -->
<testsuite hostname="LTIN679125" failures="0" tests="2" name="com.cognizant.QEA25QE028.Selenium.TestNG.ProjectNew.JustDialHome" time="15.046" errors="0" timestamp="2025-12-12T11:34:29 IST" skipped="0">
  <testcase classname="com.cognizant.QEA25QE028.Selenium.TestNG.ProjectNew.JustDialHome" name="verifyCarWashingServices" time="0.036"/>
  <testcase classname="com.cognizant.QEA25QE028.Selenium.TestNG.ProjectNew.JustDialHome" name="testSearchBarInput" time="15.010"/>
</testsuite> <!-- com.cognizant.QEA25QE028.Selenium.TestNG.ProjectNew.JustDialHome -->
