<?xml version="1.0" encoding="UTF-8"?>
<!-- Generated by org.testng.reporters.JUnitReportReporter -->
<testsuite hostname="LTIN679125" failures="0" tests="2" name="com.cognizant.QEA25QE028.Selenium.TestNG.ProjectNew.JustDialHome" time="10.649" errors="0" timestamp="2025-11-07T17:23:34 IST" skipped="0">
  <testcase classname="com.cognizant.QEA25QE028.Selenium.TestNG.ProjectNew.JustDialHome" name="testSearchBarInput" time="10.637"/>
  <testcase classname="com.cognizant.QEA25QE028.Selenium.TestNG.ProjectNew.JustDialHome" name="verifyCarWashingServices" time="0.012"/>
</testsuite> <!-- com.cognizant.QEA25QE028.Selenium.TestNG.ProjectNew.JustDialHome -->
