<?xml version="1.0" encoding="UTF-8"?>
<!-- Generated by org.testng.reporters.JUnitReportReporter -->
<testsuite hostname="LTIN679125" failures="0" tests="5" name="com.cognizant.QEA25QE028.Selenium.TestNG.ProjectNew.JustDialFreeListingErrorMessage" time="24.336" errors="0" timestamp="2025-11-06T15:18:58 IST" skipped="0">
  <testcase classname="com.cognizant.QEA25QE028.Selenium.TestNG.ProjectNew.JustDialFreeListingErrorMessage" name="cookieAndRefersh" time="4.208"/>
  <testcase classname="com.cognizant.QEA25QE028.Selenium.TestNG.ProjectNew.JustDialFreeListingErrorMessage" name="sendData" time="1.668"/>
  <testcase classname="com.cognizant.QEA25QE028.Selenium.TestNG.ProjectNew.JustDialFreeListingErrorMessage" name="printErrorMessage" time="0.718"/>
  <testcase classname="com.cognizant.QEA25QE028.Selenium.TestNG.ProjectNew.JustDialFreeListingErrorMessage" name="navigateToHomePage" time="16.977"/>
  <testcase classname="com.cognizant.QEA25QE028.Selenium.TestNG.ProjectNew.JustDialFreeListingErrorMessage" name="takeScreenShot" time="0.765"/>
</testsuite> <!-- com.cognizant.QEA25QE028.Selenium.TestNG.ProjectNew.JustDialFreeListingErrorMessage -->
