<?xml version="1.0" encoding="UTF-8"?>
<!-- Generated by org.testng.reporters.JUnitReportReporter -->
<testsuite hostname="LTIN679125" failures="0" tests="5" name="com.cognizant.QEA25QE028.Selenium.TestNG.ProjectNew.JustDialFreeListingErrorMessage" time="12.897" errors="0" timestamp="2025-12-12T11:34:29 IST" skipped="0">
  <testcase classname="com.cognizant.QEA25QE028.Selenium.TestNG.ProjectNew.JustDialFreeListingErrorMessage" name="cookieAndRefersh" time="2.136"/>
  <testcase classname="com.cognizant.QEA25QE028.Selenium.TestNG.ProjectNew.JustDialFreeListingErrorMessage" name="sendData" time="1.528"/>
  <testcase classname="com.cognizant.QEA25QE028.Selenium.TestNG.ProjectNew.JustDialFreeListingErrorMessage" name="takeScreenShot" time="0.555"/>
  <testcase classname="com.cognizant.QEA25QE028.Selenium.TestNG.ProjectNew.JustDialFreeListingErrorMessage" name="printErrorMessage" time="0.630"/>
  <testcase classname="com.cognizant.QEA25QE028.Selenium.TestNG.ProjectNew.JustDialFreeListingErrorMessage" name="navigateToHomePage" time="8.048"/>
</testsuite> <!-- com.cognizant.QEA25QE028.Selenium.TestNG.ProjectNew.JustDialFreeListingErrorMessage -->
