<?xml version="1.0" encoding="UTF-8"?>
<!-- Generated by org.testng.reporters.JUnitReportReporter -->
<testsuite hostname="LTIN679125" failures="0" tests="4" name="com.cognizant.QEA25QE028.Selenium.TestNG.ProjectNew.CarWashingServices" time="33.847" errors="0" timestamp="2025-11-06T15:18:58 IST" skipped="0">
  <testcase classname="com.cognizant.QEA25QE028.Selenium.TestNG.ProjectNew.CarWashingServices" name="scrolling" time="21.895"/>
  <testcase classname="com.cognizant.QEA25QE028.Selenium.TestNG.ProjectNew.CarWashingServices" name="savingDataInCollections" time="1.836"/>
  <testcase classname="com.cognizant.QEA25QE028.Selenium.TestNG.ProjectNew.CarWashingServices" name="testSortByRatingWithSpecificRating" time="2.400"/>
  <testcase classname="com.cognizant.QEA25QE028.Selenium.TestNG.ProjectNew.CarWashingServices" name="navigateBackToHomepage" time="7.716"/>
</testsuite> <!-- com.cognizant.QEA25QE028.Selenium.TestNG.ProjectNew.CarWashingServices -->
