<?xml version="1.0" encoding="UTF-8"?>
<!-- Generated by org.testng.reporters.JUnitReportReporter -->
<testsuite hostname="LTIN679125" failures="0" tests="5" name="com.cognizant.QEA25QE028.Selenium.TestNG.ProjectNew.JustDialFreeListingErrorMessage" time="15.276" errors="0" timestamp="2025-11-07T22:09:53 IST" skipped="0">
  <testcase classname="com.cognizant.QEA25QE028.Selenium.TestNG.ProjectNew.JustDialFreeListingErrorMessage" name="navigateToHomePage" time="9.920"/>
  <testcase classname="com.cognizant.QEA25QE028.Selenium.TestNG.ProjectNew.JustDialFreeListingErrorMessage" name="printErrorMessage" time="0.601"/>
  <testcase classname="com.cognizant.QEA25QE028.Selenium.TestNG.ProjectNew.JustDialFreeListingErrorMessage" name="sendData" time="1.442"/>
  <testcase classname="com.cognizant.QEA25QE028.Selenium.TestNG.ProjectNew.JustDialFreeListingErrorMessage" name="cookieAndRefersh" time="2.646"/>
  <testcase classname="com.cognizant.QEA25QE028.Selenium.TestNG.ProjectNew.JustDialFreeListingErrorMessage" name="takeScreenShot" time="0.667"/>
</testsuite> <!-- com.cognizant.QEA25QE028.Selenium.TestNG.ProjectNew.JustDialFreeListingErrorMessage -->
