<?xml version="1.0" encoding="UTF-8"?>
<!-- Generated by org.testng.reporters.JUnitReportReporter -->
<testsuite hostname="LTIN679125" failures="0" tests="4" name="com.cognizant.QEA25QE028.Selenium.TestNG.ProjectNew.CarWashingServices" time="27.607" errors="0" timestamp="2025-11-07T22:09:52 IST" skipped="0">
  <testcase classname="com.cognizant.QEA25QE028.Selenium.TestNG.ProjectNew.CarWashingServices" name="scrolling" time="14.568"/>
  <testcase classname="com.cognizant.QEA25QE028.Selenium.TestNG.ProjectNew.CarWashingServices" name="savingDataInCollections" time="1.760"/>
  <testcase classname="com.cognizant.QEA25QE028.Selenium.TestNG.ProjectNew.CarWashingServices" name="navigateBackToHomepage" time="8.038"/>
  <testcase classname="com.cognizant.QEA25QE028.Selenium.TestNG.ProjectNew.CarWashingServices" name="testSortByRatingWithSpecificRating" time="3.241"/>
</testsuite> <!-- com.cognizant.QEA25QE028.Selenium.TestNG.ProjectNew.CarWashingServices -->
